\BOOKMARK [0][-]{chapter*.4}{\376\377\000I\000n\000t\000r\000o\000d\000u\000c\000t\000i\000o\000n}{}% 1
\BOOKMARK [0][-]{chapter.1}{\376\377\000B\000a\000y\000e\000s\000i\000a\000n\000\040\000L\000e\000a\000r\000n\000i\000n\000g\000\040\000f\000o\000r\000\040\000N\000e\000u\000r\000a\000l\000\040\000N\000e\000t\000w\000o\000r\000k\000s}{}% 2
\BOOKMARK [1][-]{section.1.1}{\376\377\000N\000e\000u\000r\000a\000l\000\040\000N\000e\000t\000w\000o\000r\000k\000s}{chapter.1}% 3
\BOOKMARK [2][-]{subsection.1.1.1}{\376\377\000B\000a\000s\000i\000c\000\040\000m\000a\000t\000h\000e\000m\000a\000t\000i\000c\000a\000l\000\040\000s\000t\000r\000u\000c\000t\000u\000r\000e}{section.1.1}% 4
\BOOKMARK [2][-]{subsection.1.1.2}{\376\377\000B\000a\000c\000k\000p\000r\000o\000p\000a\000g\000a\000t\000i\000o\000n}{section.1.1}% 5
\BOOKMARK [2][-]{subsection.1.1.3}{\376\377\000C\000o\000s\000t\000\040\000f\000u\000n\000c\000t\000i\000o\000n\000\040\000f\000o\000r\000\040\000r\000e\000g\000r\000e\000s\000s\000i\000o\000n}{section.1.1}% 6
\BOOKMARK [1][-]{section.1.2}{\376\377\000I\000n\000t\000e\000r\000p\000r\000e\000t\000a\000t\000i\000o\000n\000s\000\040\000o\000f\000\040\000p\000r\000o\000b\000a\000b\000i\000l\000i\000t\000y}{chapter.1}% 7
\BOOKMARK [1][-]{section.1.3}{\376\377\000B\000a\000y\000e\000s\000i\000a\000n\000\040\000i\000n\000f\000e\000r\000e\000n\000c\000e}{chapter.1}% 8
\BOOKMARK [1][-]{section.1.4}{\376\377\000B\000a\000y\000e\000s\000i\000a\000n\000\040\000f\000r\000a\000m\000e\000w\000o\000r\000k\000\040\000f\000o\000r\000\040\000n\000e\000u\000r\000a\000l\000\040\000n\000e\000t\000w\000o\000r\000k\000s}{chapter.1}% 9
\BOOKMARK [0][-]{chapter.2}{\376\377\000H\000a\000m\000i\000l\000t\000o\000n\000i\000a\000n\000\040\000M\000o\000n\000t\000e\000\040\000C\000a\000r\000l\000o}{}% 10
\BOOKMARK [1][-]{section.2.1}{\376\377\000M\000a\000r\000k\000o\000v\000\040\000C\000h\000a\000i\000n\000s}{chapter.2}% 11
\BOOKMARK [1][-]{section.2.2}{\376\377\000G\000i\000b\000b\000s\000\040\000s\000a\000m\000p\000l\000i\000n\000g}{chapter.2}% 12
\BOOKMARK [1][-]{section.2.3}{\376\377\000T\000h\000e\000\040\000M\000e\000t\000r\000o\000p\000o\000l\000i\000s\000\040\000a\000l\000g\000o\000r\000i\000t\000h\000m}{chapter.2}% 13
\BOOKMARK [1][-]{section.2.4}{\376\377\000H\000a\000m\000i\000l\000t\000o\000n\000i\000a\000n\000\040\000d\000y\000n\000a\000m\000i\000c\000s}{chapter.2}% 14
\BOOKMARK [2][-]{subsection.2.4.1}{\376\377\000L\000a\000g\000r\000a\000n\000g\000i\000a\000n\000\040\000M\000e\000c\000h\000a\000n\000i\000c\000s}{section.2.4}% 15
\BOOKMARK [2][-]{subsection.2.4.2}{\376\377\000H\000a\000m\000i\000l\000t\000o\000n\000i\000a\000n\000\040\000M\000e\000c\000h\000a\000n\000i\000c\000s}{section.2.4}% 16
\BOOKMARK [2][-]{subsection.2.4.3}{\376\377\000L\000e\000a\000p\000f\000r\000o\000g\000\040\000i\000n\000t\000e\000g\000r\000a\000t\000i\000o\000n}{section.2.4}% 17
\BOOKMARK [1][-]{section.2.5}{\376\377\000H\000a\000m\000i\000l\000t\000o\000n\000i\000a\000n\000\040\000M\000o\000n\000t\000e\000\040\000C\000a\000r\000l\000o}{chapter.2}% 18
\BOOKMARK [0][-]{chapter*.10}{\376\377\000C\000o\000n\000c\000l\000u\000s\000i\000o\000n}{}% 19
\BOOKMARK [0][-]{section*.11}{\376\377\000A\000p\000p\000e\000n\000d\000i\000c\000e\000s}{}% 20
\BOOKMARK [0][-]{appendix*.12}{\376\377\000A\000p\000p\000e\000n\000d\000i\000x\000\040\000A}{}% 21
\BOOKMARK [1][-]{section.Alph0.1}{\376\377\000A\000p\000p\000e\000n\000d\000i\000x\000\040\0001\000\040\000t\000i\000t\000l\000e\000\040}{appendix*.12}% 22
