\BOOKMARK [0][-]{chapter*.5}{\376\377\000I\000n\000t\000r\000o\000d\000u\000c\000t\000i\000o\000n}{}% 1
\BOOKMARK [0][-]{chapter.1}{\376\377\000T\000h\000e\000\040\000P\000h\000y\000s\000i\000c\000s\000\040\000P\000r\000o\000b\000l\000e\000m}{}% 2
\BOOKMARK [0][-]{chapter.2}{\376\377\000B\000a\000y\000e\000s\000i\000a\000n\000\040\000F\000o\000r\000m\000u\000l\000a\000t\000i\000o\000n\000\040\000o\000f\000\040\000M\000a\000c\000h\000i\000n\000e\000\040\000L\000e\000a\000r\000n\000i\000n\000g}{}% 3
\BOOKMARK [1][-]{section.2.1}{\376\377\000T\000h\000e\000\040\000C\000o\000r\000e\000\040\000o\000f\000\040\000M\000a\000c\000h\000i\000n\000e\000\040\000L\000e\000a\000r\000n\000i\000n\000g}{chapter.2}% 4
\BOOKMARK [2][-]{subsection.2.1.1}{\376\377\000L\000o\000s\000s\000\040\000F\000u\000n\000c\000t\000i\000o\000n\000s}{section.2.1}% 5
\BOOKMARK [2][-]{subsection.2.1.2}{\376\377\000R\000e\000g\000u\000l\000a\000r\000i\000z\000a\000t\000i\000o\000n}{section.2.1}% 6
\BOOKMARK [2][-]{subsection.2.1.3}{\376\377\000O\000p\000t\000i\000m\000i\000z\000a\000t\000i\000o\000n}{section.2.1}% 7
\BOOKMARK [1][-]{section.2.2}{\376\377\000B\000a\000y\000e\000s\000'\000\040\000t\000h\000e\000o\000r\000e\000m}{chapter.2}% 8
\BOOKMARK [1][-]{section.2.3}{\376\377\000B\000a\000y\000e\000s\000i\000a\000n\000\040\000F\000r\000a\000m\000e\000w\000o\000r\000k\000\040\000f\000o\000r\000\040\000M\000a\000c\000h\000i\000n\000e\000\040\000L\000e\000a\000r\000n\000i\000n\000g}{chapter.2}% 9
\BOOKMARK [1][-]{section.2.4}{\376\377\000B\000a\000y\000e\000s\000i\000a\000n\000\040\000I\000n\000f\000e\000r\000e\000n\000c\000e}{chapter.2}% 10
\BOOKMARK [0][-]{chapter.3}{\376\377\000M\000a\000r\000k\000o\000v\000\040\000C\000h\000a\000i\000n\000\040\000M\000o\000n\000t\000e\000\040\000C\000a\000r\000l\000o}{}% 11
\BOOKMARK [1][-]{section.3.1}{\376\377\000E\000x\000p\000e\000c\000t\000a\000t\000i\000o\000n\000\040\000V\000a\000l\000u\000e\000s\000\040\000a\000n\000d\000\040\000t\000h\000e\000\040\000T\000y\000p\000i\000c\000a\000l\000\040\000S\000e\000t}{chapter.3}% 12
\BOOKMARK [2][-]{subsection.3.1.1}{\376\377\000T\000h\000e\000\040\000T\000y\000p\000i\000c\000a\000l\000\040\000S\000e\000t}{section.3.1}% 13
\BOOKMARK [2][-]{subsection.3.1.2}{\376\377\000T\000h\000e\000\040\000T\000a\000r\000g\000e\000t\000\040\000D\000e\000n\000s\000i\000t\000y\000\040\000a\000n\000d\000\040\000B\000a\000y\000e\000s\000i\000a\000n\000\040\000A\000p\000p\000l\000i\000c\000a\000t\000i\000o\000n\000s}{section.3.1}% 14
\BOOKMARK [1][-]{section.3.2}{\376\377\000M\000a\000r\000k\000o\000v\000\040\000C\000h\000a\000i\000n\000s\000\040\000a\000n\000d\000\040\000M\000a\000r\000k\000o\000v\000\040\000T\000r\000a\000n\000s\000i\000t\000i\000o\000n\000s}{chapter.3}% 15
\BOOKMARK [2][-]{subsection.3.2.1}{\376\377\000I\000d\000e\000a\000l\000\040\000M\000a\000r\000k\000o\000v\000\040\000C\000h\000a\000i\000n\000s}{section.3.2}% 16
\BOOKMARK [2][-]{subsection.3.2.2}{\376\377\000P\000a\000t\000h\000o\000l\000o\000g\000i\000e\000s}{section.3.2}% 17
\BOOKMARK [2][-]{subsection.3.2.3}{\376\377\000G\000e\000o\000m\000e\000t\000r\000i\000c\000\040\000E\000r\000g\000o\000d\000i\000c\000i\000t\000y\000\040\000a\000n\000d\000\040\000C\000o\000n\000v\000e\000r\000g\000e\000n\000c\000e\000\040\000D\000i\000a\000g\000n\000o\000s\000t\000i\000c\000s}{section.3.2}% 18
\BOOKMARK [1][-]{section.3.3}{\376\377\000M\000e\000t\000r\000o\000p\000o\000l\000i\000s\000-\000H\000a\000s\000t\000i\000n\000g\000s}{chapter.3}% 19
\BOOKMARK [2][-]{subsection.3.3.1}{\376\377\000T\000h\000e\000\040\000P\000r\000o\000p\000o\000s\000a\000l\000\040\000D\000i\000s\000t\000r\000i\000b\000u\000t\000i\000o\000n}{section.3.3}% 20
\BOOKMARK [2][-]{subsection.3.3.2}{\376\377\000R\000a\000n\000d\000o\000m\000\040\000W\000a\000l\000k\000\040\000M\000e\000t\000r\000o\000p\000o\000l\000i\000s}{section.3.3}% 21
\BOOKMARK [1][-]{section.3.4}{\376\377\000G\000i\000b\000b\000s\000\040\000S\000a\000m\000p\000l\000i\000n\000g}{chapter.3}% 22
\BOOKMARK [0][-]{chapter.4}{\376\377\000H\000a\000m\000i\000l\000t\000o\000n\000i\000a\000n\000\040\000M\000o\000n\000t\000e\000\040\000C\000a\000r\000l\000o}{}% 23
\BOOKMARK [1][-]{section.4.1}{\376\377\000H\000a\000m\000i\000l\000t\000o\000n\000i\000a\000n\000\040\000D\000y\000n\000a\000m\000i\000c\000s}{chapter.4}% 24
\BOOKMARK [2][-]{subsection.4.1.1}{\376\377\000L\000e\000a\000p\000f\000r\000o\000g\000\040\000i\000n\000t\000e\000g\000r\000a\000t\000i\000o\000n}{section.4.1}% 25
\BOOKMARK [1][-]{section.4.2}{\376\377\000G\000e\000n\000e\000r\000a\000t\000i\000n\000g\000\040\000a\000\040\000P\000r\000o\000p\000o\000s\000a\000l\000\040\000S\000t\000a\000t\000e}{chapter.4}% 26
\BOOKMARK [1][-]{section.4.3}{\376\377\000T\000h\000e\000\040\000P\000o\000t\000e\000n\000t\000i\000a\000l\000\040\000E\000n\000e\000r\000g\000y\000\040\000F\000u\000n\000c\000t\000i\000o\000n\000\040\000i\000n\000\040\000B\000a\000y\000e\000s\000i\000a\000n\000\040\000M\000L\000\040\000A\000p\000p\000l\000i\000c\000a\000t\000i\000o\000n\000s}{chapter.4}% 27
\BOOKMARK [1][-]{section.4.4}{\376\377\000L\000i\000m\000i\000t\000a\000t\000i\000o\000n\000s\000\040\000o\000f\000\040\000H\000M\000C}{chapter.4}% 28
\BOOKMARK [0][-]{chapter.5}{\376\377\000T\000h\000e\000\040\000N\000o\000-\000U\000-\000T\000u\000r\000n\000\040\000S\000a\000m\000p\000l\000e\000r}{}% 29
\BOOKMARK [1][-]{section.5.1}{\376\377\000P\000r\000e\000l\000i\000m\000i\000n\000a\000r\000y\000\040\000d\000e\000f\000i\000n\000i\000t\000i\000o\000n\000s}{chapter.5}% 30
\BOOKMARK [2][-]{subsection.5.1.1}{\376\377\000G\000e\000n\000e\000r\000a\000t\000i\000o\000n\000\040\000o\000f\000\040\000C\000a\000n\000d\000i\000d\000a\000t\000e\000\040\000P\000o\000i\000n\000t\000s\000\040\000a\000n\000d\000\040\000S\000t\000o\000p\000p\000i\000n\000g\000\040\000C\000r\000i\000t\000e\000r\000i\000o\000n}{section.5.1}% 31
\BOOKMARK [3][-]{subsubsection.5.1.1.1}{\376\377\000C\000h\000o\000o\000s\000i\000n\000g\000\040\000c\000a\000n\000d\000i\000d\000a\000t\000e\000\040\000p\000o\000i\000n\000t\000s}{subsection.5.1.1}% 32
\BOOKMARK [1][-]{section.5.2}{\376\377\000T\000h\000e\000\040\000N\000a\000i\000v\000e\000\040\000N\000U\000T\000S\000\040\000A\000l\000g\000o\000r\000i\000t\000h\000m}{chapter.5}% 33
\BOOKMARK [1][-]{section.5.3}{\376\377\000E\000f\000f\000i\000c\000i\000e\000n\000t\000\040\000N\000U\000T\000S}{chapter.5}% 34
\BOOKMARK [1][-]{section.5.4}{\376\377\000D\000u\000a\000l\000-\000A\000v\000e\000r\000a\000g\000i\000n\000g\000\040\000S\000t\000e\000p\000\040\000S\000i\000z\000e\000\040\000A\000d\000a\000p\000t\000a\000t\000i\000o\000n}{chapter.5}% 35
\BOOKMARK [1][-]{section.5.5}{\376\377\000N\000U\000T\000S\000\040\000w\000i\000t\000h\000\040\000D\000u\000a\000l\000-\000A\000v\000e\000r\000a\000g\000i\000n\000g\000\040\000S\000t\000e\000p\000\040\000S\000i\000z\000e\000\040\000A\000d\000a\000p\000t\000a\000t\000i\000o\000n}{chapter.5}% 36
\BOOKMARK [0][-]{chapter.6}{\376\377\000B\000a\000y\000e\000s\000i\000a\000n\000\040\000L\000e\000a\000r\000n\000i\000n\000g\000\040\000f\000o\000r\000\040\000N\000e\000u\000r\000a\000l\000\040\000N\000e\000t\000w\000o\000r\000k\000s}{}% 37
\BOOKMARK [1][-]{section.6.1}{\376\377\000N\000e\000u\000r\000a\000l\000\040\000N\000e\000t\000w\000o\000r\000k\000s}{chapter.6}% 38
\BOOKMARK [2][-]{subsection.6.1.1}{\376\377\000B\000a\000s\000i\000c\000\040\000M\000a\000t\000h\000e\000m\000a\000t\000i\000c\000a\000l\000\040\000S\000t\000r\000u\000c\000t\000u\000r\000e}{section.6.1}% 39
\BOOKMARK [2][-]{subsection.6.1.2}{\376\377\000B\000a\000c\000k\000p\000r\000o\000p\000a\000g\000a\000t\000i\000o\000n}{section.6.1}% 40
\BOOKMARK [2][-]{subsection.6.1.3}{\376\377\000L\000o\000s\000s\000\040\000F\000u\000n\000c\000t\000i\000o\000n\000\040\000f\000o\000r\000\040\000R\000e\000g\000r\000e\000s\000s\000i\000o\000n}{section.6.1}% 41
\BOOKMARK [2][-]{subsection.6.1.4}{\376\377\000R\000e\000g\000u\000l\000a\000r\000i\000z\000a\000t\000i\000o\000n\000\040\000i\000n\000\040\000N\000e\000u\000r\000a\000l\000\040\000N\000e\000t\000w\000o\000r\000k\000s}{section.6.1}% 42
\BOOKMARK [1][-]{section.6.2}{\376\377\000A\000c\000t\000i\000v\000a\000t\000i\000o\000n\000\040\000F\000u\000n\000c\000t\000i\000o\000n\000s}{chapter.6}% 43
\BOOKMARK [2][-]{subsection.6.2.1}{\376\377\000S\000i\000g\000m\000o\000i\000d}{section.6.2}% 44
\BOOKMARK [2][-]{subsection.6.2.2}{\376\377\000R\000e\000L\000U}{section.6.2}% 45
\BOOKMARK [2][-]{subsection.6.2.3}{\376\377\000S\000w\000i\000s\000h}{section.6.2}% 46
\BOOKMARK [1][-]{section.6.3}{\376\377\000B\000a\000y\000e\000s\000i\000a\000n\000\040\000F\000r\000a\000m\000e\000w\000o\000r\000k\000\040\000f\000o\000r\000\040\000N\000e\000u\000r\000a\000l\000\040\000N\000e\000t\000w\000o\000r\000k\000s}{chapter.6}% 47
\BOOKMARK [1][-]{section.6.4}{\376\377\000B\000a\000y\000e\000s\000i\000a\000n\000\040\000l\000e\000a\000r\000n\000i\000n\000g\000\040\000u\000s\000i\000n\000g\000\040\000H\000M\000C}{chapter.6}% 48
\BOOKMARK [0][-]{chapter.7}{\376\377\000N\000u\000m\000e\000r\000i\000c\000a\000l\000\040\000E\000x\000p\000e\000r\000i\000m\000e\000n\000t\000s}{}% 49
\BOOKMARK [1][-]{section.7.1}{\376\377\000T\000h\000e\000\040\000D\000a\000t\000a\000s\000e\000t}{chapter.7}% 50
\BOOKMARK [2][-]{subsection.7.1.1}{\376\377\000D\000a\000t\000a\000\040\000G\000e\000n\000e\000r\000a\000t\000i\000o\000n}{section.7.1}% 51
\BOOKMARK [2][-]{subsection.7.1.2}{\376\377\000D\000a\000t\000a\000\040\000S\000c\000a\000l\000i\000n\000g\000\040\000a\000n\000d\000\040\000T\000r\000a\000n\000s\000f\000o\000r\000m\000a\000t\000i\000o\000n\000s}{section.7.1}% 52
\BOOKMARK [1][-]{section.7.2}{\376\377\000P\000e\000r\000f\000o\000r\000m\000a\000n\000c\000e\000\040\000M\000e\000t\000r\000i\000c\000s}{chapter.7}% 53
\BOOKMARK [1][-]{section.7.3}{\376\377\000R\000e\000s\000u\000l\000t\000s}{chapter.7}% 54
\BOOKMARK [2][-]{subsection.7.3.1}{\376\377\000B\000e\000n\000c\000h\000m\000a\000r\000k\000s\000\040\000o\000f\000\040\000H\000y\000p\000e\000r\000p\000a\000r\000a\000m\000e\000t\000e\000r\000s}{section.7.3}% 55
\BOOKMARK [3][-]{subsubsection.7.3.1.1}{\376\377\000B\000a\000s\000e\000l\000i\000n\000e\000\040\000M\000o\000d\000e\000l}{subsection.7.3.1}% 56
\BOOKMARK [3][-]{subsubsection.7.3.1.2}{\376\377\000P\000r\000e\000t\000r\000a\000i\000n\000i\000n\000g}{subsection.7.3.1}% 57
\BOOKMARK [3][-]{subsubsection.7.3.1.3}{\376\377\000B\000u\000r\000n\000-\000i\000n\000\040\000l\000e\000n\000g\000t\000h}{subsection.7.3.1}% 58
\BOOKMARK [3][-]{subsubsection.7.3.1.4}{\376\377\000N\000u\000m\000b\000e\000r\000\040\000o\000f\000\040\000m\000o\000d\000e\000l\000\040\000p\000a\000r\000a\000m\000e\000t\000e\000r\000s}{subsection.7.3.1}% 59
\BOOKMARK [2][-]{subsection.7.3.2}{\376\377\000N\000e\000u\000t\000r\000a\000l\000i\000n\000o\000-\000N\000e\000u\000t\000r\000a\000l\000i\000n\000o\000\040\000C\000r\000o\000s\000s\000\040\000S\000e\000c\000t\000i\000o\000n\000s}{section.7.3}% 60
\BOOKMARK [0][-]{chapter.8}{\376\377\000D\000i\000s\000c\000u\000s\000s\000i\000o\000n}{}% 61
\BOOKMARK [0][-]{chapter*.16}{\376\377\000C\000o\000n\000c\000l\000u\000s\000i\000o\000n}{}% 62
\BOOKMARK [0][-]{section*.17}{\376\377\000A\000p\000p\000e\000n\000d\000i\000c\000e\000s}{}% 63
\BOOKMARK [0][-]{appendix*.18}{\376\377\000A\000p\000p\000e\000n\000d\000i\000x\000\040\000A}{}% 64
\BOOKMARK [1][-]{section.Alph0.1}{\376\377\000A\000p\000p\000e\000n\000d\000i\000x\000\040\0001\000\040\000t\000i\000t\000l\000e\000\040}{appendix*.18}% 65
